<?xml version="1.0" encoding="UTF-8"?>
<!-- Generated by org.testng.reporters.JUnitReportReporter -->
<testsuite skipped="3" hostname="BDC6-LX-723061Y" name="com.hasbro.ci2018.CI260" tests="3" failures="0" timestamp="29 Aug 2018 10:41:49 GMT" time="0.001" errors="0">
  <testcase name="tcCI" time="0.000" classname="com.hasbro.ci2018.CI260">
    <skipped/>
  </testcase> <!-- tcCI -->
  <testcase name="tcCI" time="0.000" classname="com.hasbro.ci2018.CI260">
    <skipped/>
  </testcase> <!-- tcCI -->
  <testcase name="tcCI" time="0.001" classname="com.hasbro.ci2018.CI260">
    <skipped/>
  </testcase> <!-- tcCI -->
</testsuite> <!-- com.hasbro.ci2018.CI260 -->
